app/build/outputs/mapping/release/seeds.txt
app.meshhop.android.MainActivity
app.meshhop.android.MeshHopApp
app.meshhop.android.RadioConnectionService
app.meshhop.android.MeshHopApp: MeshHopApp()
app.meshhop.android.RadioConnectionService: RadioConnectionService()
app.meshhop.android.MainActivity: MainActivity()
...
androidx.emoji2.text.EmojiCompatInitializer
androidx.compose.ui.input.key.KeyInputElement
androidx.lifecycle.ProcessLifecycleOwner$attach$1$onActivityPreCreated$1
androidx.compose.foundation.layout.LayoutWeightElement
androidx.lifecycle.ReportFragment$LifecycleCallbacks
androidx.lifecycle.LegacySavedStateHandleController$OnRecreation
androidx.compose.foundation.layout.PaddingElement
app.meshhop.data.MeshHopDatabase_Impl
androidx.versionedparcelable.CustomVersionedParcelable
androidx.versionedparcelable.ParcelImpl
androidx.compose.foundation.layout.FillElement
androidx.core.graphics.drawable.IconCompat
kotlinx.coroutines.android.AndroidDispatcherFactory
androidx.compose.ui.semantics.EmptySemanticsElement
androidx.room.MultiInstanceInvalidationService
androidx.profileinstaller.ProfileInstallReceiver
kotlin.coroutines.jvm.internal.BaseContinuationImpl
androidx.annotation.Keep
androidx.core.app.RemoteActionCompat
androidx.compose.ui.input.rotary.RotaryInputElement
androidx.core.app.RemoteActionCompatParcelizer
androidx.compose.ui.graphics.GraphicsLayerElement
androidx.compose.ui.focus.FocusOwnerImpl$modifier$1
androidx.compose.foundation.ClickableElement
androidx.lifecycle.ProcessLifecycleOwner$attach$1
app.meshhop.data.MeshHopDatabase
androidx.compose.foundation.lazy.layout.LazyLayoutBeyondBoundsModifierElement
androidx.compose.material3.MinimumInteractiveModifier
androidx.compose.foundation.lazy.layout.LazyLayoutSemanticsModifier
androidx.compose.ui.platform.AndroidComposeView$bringIntoViewNode$1
androidx.compose.foundation.ScrollingContainerElement
androidx.profileinstaller.ProfileInstallerInitializer
androidx.compose.foundation.BorderModifierNodeElement
androidx.compose.ui.layout.LayoutIdElement
androidx.graphics.path.ConicConverter
androidx.compose.ui.input.pointer.SuspendPointerInputElement
androidx.compose.foundation.layout.WrapContentElement
androidx.compose.ui.semantics.AppendedSemanticsElement
androidx.lifecycle.ReportFragment
androidx.lifecycle.ProcessLifecycleInitializer
androidx.lifecycle.SavedStateHandlesVM
androidx.compose.foundation.selection.SelectableElement
android.support.v4.app.RemoteActionCompatParcelizer
androidx.compose.foundation.lazy.layout.LazyLayoutItemAnimator$DisplayingDisappearingItemsElement
kotlinx.coroutines.internal.StackTraceRecoveryKt
androidx.compose.foundation.text.modifiers.TextStringSimpleElement
androidx.graphics.path.PathIteratorPreApi34Impl
androidx.compose.foundation.lazy.layout.TraversablePrefetchStateModifierElement
androidx.startup.InitializationProvider
androidx.lifecycle.LifecycleDispatcher$DispatcherActivityCallback
android.support.v4.graphics.drawable.IconCompatParcelizer
androidx.compose.foundation.BackgroundElement
androidx.compose.foundation.text.modifiers.SelectableTextAnnotatedStringElement
androidx.compose.ui.input.pointer.PointerHoverIconModifierElement
androidx.compose.ui.draw.DrawBehindElement
androidx.compose.foundation.layout.UnspecifiedConstraintsElement
androidx.compose.foundation.layout.OffsetPxElement
androidx.compose.foundation.layout.PaddingValuesElement
androidx.compose.ui.draw.PainterElement
androidx.compose.ui.layout.RulerProviderModifierElement
androidx.compose.foundation.IndicationModifierElement
androidx.core.app.CoreComponentFactory
androidx.compose.foundation.text.modifiers.TextAnnotatedStringElement
androidx.compose.foundation.layout.SizeElement
androidx.core.graphics.drawable.IconCompatParcelizer
androidx.compose.ui.input.pointer.PointerInputEventHandler
androidx.compose.ui.draganddrop.AndroidDragAndDropManager$modifier$1
kotlinx.coroutines.scheduling.CoroutineScheduler$Worker: java.lang.Object nextParkedWorker
kotlinx.coroutines.scheduling.CoroutineScheduler$Worker: int indexInArray
androidx.lifecycle.Lifecycle$Event: androidx.lifecycle.Lifecycle$Event[] $VALUES
kotlinx.coroutines.EventLoopImplBase: int _isCompleted$volatile
androidx.compose.runtime.ParcelableSnapshotMutableLongState: android.os.Parcelable$Creator CREATOR