app/build/outputs/mapping/release/mapping.txt
# compiler: R8
# compiler_version: 8.13.19
# min_api: 26
# common_typos_disable
# {"id":"com.android.tools.r8.mapping","version":"2.2"}
# pg_map_id: 4a905fe0ad66492827db8b17f6ecf63f080a4b745f4492e58ba688cf3e1b87e4
# pg_map_hash: SHA-256 4a905fe0ad66492827db8b17f6ecf63f080a4b745f4492e58ba688cf3e1b87e4
app.meshhop.android.AppGraph -> m3.a:
# {"id":"sourceFile","fileName":"AppGraph.kt"}
    kotlinx.coroutines.CoroutineScope appScope -> a
      # {"id":"com.android.tools.r8.residualsignature","signature":"Ls4/d;"}
    app.meshhop.protocol.MeshCrypto crypto -> b
      # {"id":"com.android.tools.r8.residualsignature","signature":"Ln3/r;"}
    app.meshhop.protocol.ClockMapper clockMapper -> c
      # {"id":"com.android.tools.r8.residualsignature","signature":"Ln3/s;"}
    app.meshhop.protocol.AckTracker ackTracker -> d
      # {"id":"com.android.tools.r8.residualsignature","signature":"La0/h0;"}
    app.meshhop.domain.SyncRadioHistory syncRadioHistory -> e
      # {"id":"com.android.tools.r8.residualsignature","signature":"La0/h0;"}
    app.meshhop.transport.RadioSession radioSession -> f
      # {"id":"com.android.tools.r8.residualsignature","signature":"Lq3/t;"}
    5:7:void <init>(android.content.Context):44:44 -> <init>
    5:7:void m3.AppGraph.<init>(app.meshhop.android.MeshHopApp):0 -> <init>
      # {"id":"com.android.tools.r8.synthesized"}
    8:13:void <init>(android.content.Context):45:45 -> <init>
    8:13:void m3.AppGraph.<init>(app.meshhop.android.MeshHopApp):0 -> <init>
    14:15:kotlinx.coroutines.CoroutineDispatcher kotlinx.coroutines.Dispatchers.getIO():65:65 -> <init>
    14:15:void <init>(android.content.Context):45 -> <init>
    14:15:void m3.AppGraph.<init>(app.meshhop.android.MeshHopApp):0 -> <init>
app.meshhop.android.AppGraph$Companion -> R8$$REMOVED$$CLASS$$231:
# {"id":"sourceFile","fileName":"AppGraph.kt"}
app.meshhop.android.ComposableSingletons$MainActivityKt -> m3.c:
# {"id":"sourceFile","fileName":"MainActivity.kt"}
    kotlin.jvm.functions.Function2 lambda$-385576083 -> a
      # {"id":"com.android.tools.r8.residualsignature","signature":"Lh0/f;"}
    kotlin.jvm.functions.Function2 lambda$818390504 -> b
      # {"id":"com.android.tools.r8.residualsignature","signature":"Lh0/f;"}
    1:6:void <clinit>():43:43 -> <clinit>
    7:15:androidx.compose.runtime.internal.ComposableLambda androidx.compose.runtime.internal.ComposableLambdaKt.composableLambdaInstance(int,boolean,java.lang.Object):1366:1366 -> <clinit>
    7:15:void <clinit>():43 -> <clinit>
    16:17:void <clinit>():43:43 -> <clinit>
    18:23:void <clinit>():42:42 -> <clinit>
    24:31:androidx.compose.runtime.internal.ComposableLambda androidx.compose.runtime.internal.ComposableLambdaKt.composableLambdaInstance(int,boolean,java.lang.Object):1366:1366 -> <clinit>
    24:31:void <clinit>():42 -> <clinit>
    32:34:void <clinit>():42:42 -> <clinit>
...
androidx.compose.runtime.tooling.LocationSourceInformation -> k0.g:
# {"id":"sourceFile","fileName":"SourceInformation.kt"}
androidx.compose.runtime.tooling.ObjectLocation -> k0.h:
# {"id":"sourceFile","fileName":"ComposeStackTraceBuilder.kt"}
    int group -> a
    java.lang.Integer dataOffset -> b
    1:8:void <init>(int,java.lang.Integer):310:310 -> <init>
    5:31:boolean equals(java.lang.Object):0:0 -> equals
    1:20:int hashCode():0:0 -> hashCode
    1:32:java.lang.String toString():0:0 -> toString
androidx.compose.runtime.tooling.ReaderTraceBuilder -> k0.i:
# {"id":"sourceFile","fileName":"ComposeStackTraceBuilder.kt"}
    java.util.List androidx.compose.runtime.tooling.ComposeStackTraceBuilder._trace -> a
      # {"id":"com.android.tools.r8.residualsignature","signature":"Ljava/util/ArrayList;"}
    1:3:void androidx.compose.runtime.tooling.ComposeStackTraceBuilder.<init>():44:44 -> <init>
      # {"id":"com.android.tools.r8.residualsignature","signature":"(Ljava/lang/Object;)V"}
    4:11:void androidx.compose.runtime.tooling.ComposeStackTraceBuilder.<init>():45:45 -> <init>
    1:6:java.util.ArrayList androidx.compose.runtime.GroupSourceInformation.getGroups():714:714 -> a
    1:6:boolean androidx.compose.runtime.tooling.ComposeStackTraceBuilder.findInGroupSourceInformation(androidx.compose.runtime.GroupSourceInformation,java.lang.Object):139 -> a
      # {"id":"com.android.tools.r8.rewriteFrame","conditions":["throws(Ljava/lang/NullPointerException;)"],"actions":["removeInnerFrames(1)"]}
      # {"id":"com.android.tools.r8.residualsignature","signature":"(Lz/j0;Ljava/lang/Object;)Z"}
    7:14:boolean androidx.compose.runtime.tooling.ComposeStackTraceBuilder.findInGroupSourceInformation(androidx.compose.runtime.GroupSourceInformation,java.lang.Object):318:318 -> a
    15:18:boolean androidx.compose.runtime.tooling.ComposeStackTraceBuilder.findInGroupSourceInformation(androidx.compose.runtime.GroupSourceInformation,java.lang.Object):319:319 -> a
androidx.compose.ui.Actual_androidKt -> l0.a:
# {"id":"sourceFile","fileName":"Actual.android.kt"}
    android.os.Handler handler -> a
    1:12:void <clinit>():24:24 -> <clinit>
androidx.compose.ui.Actual_jvmKt -> R8$$REMOVED$$CLASS$$50:
# {"id":"sourceFile","fileName":"Actual.jvm.kt"}
androidx.compose.ui.CombinedModifier -> l0.c:
# {"id":"sourceFile","fileName":"Modifier.kt"}
    androidx.compose.ui.Modifier outer -> a
      # {"id":"com.android.tools.r8.residualsignature","signature":"Ll0/g;"}
    androidx.compose.ui.Modifier inner -> b
      # {"id":"com.android.tools.r8.residualsignature","signature":"Ll0/g;"}
    1:8:void <init>(androidx.compose.ui.Modifier,androidx.compose.ui.Modifier):391:391 -> <init>
      # {"id":"com.android.tools.r8.residualsignature","signature":"(Ll0/g;Ll0/g;)V"}
    1:13:java.lang.Object foldIn(java.lang.Object,kotlin.jvm.functions.Function2):393:393 -> a
      # {"id":"com.android.tools.r8.residualsignature","signature":"(Ljava/lang/Object;Le4/e;)Ljava/lang/Object;"}
    1:20:boolean all(kotlin.jvm.functions.Function1):402:402 -> b
      # {"id":"com.android.tools.r8.residualsignature","signature":"(Le4/c;)Z"}
    1:30:boolean equals(java.lang.Object):405:405 -> equals
    1:16:int hashCode():407:407 -> hashCode
    1:7:java.lang.String toString():410:410 -> toString
    8:17:java.lang.String toString():411:411 -> toString
    18:30:java.lang.String toString():410:410 -> toString