app/build/outputs/mapping/release/usage.txt
app.meshhop.android.AppGraph$sendMessage$1:
    public double estimate(int)
app.meshhop.android.AppGraph:
    public final kotlinx.coroutines.CoroutineScope getAppScope()
    public final app.meshhop.data.RoomChannelRepository getChannels()
    public final app.meshhop.domain.ConnectToRadio getConnectToRadio()
    public final app.meshhop.data.RoomContactRepository getContacts()
    public final app.meshhop.data.RoomConversationRepository getConversations()
    public final app.meshhop.protocol.MeshCrypto getCrypto()
    public final app.meshhop.data.MeshHopDatabase getDb()
    public final app.meshhop.data.RoomIdentityRepository getIdentities()
    public final app.meshhop.data.RoomMessageRepository getMessages()
    public final app.meshhop.data.RoomOutboxRepository getOutbox()
    public final app.meshhop.domain.InMemoryPathCache getPathCache()
    public final app.meshhop.data.RoomRadioTargetRepository getRadioTargets()
    public final app.meshhop.domain.ReceivePipeline getReceivePipeline()
    public final app.meshhop.domain.SendMessage getSendMessage()
    public final app.meshhop.domain.RadioSettingsGuard getSettingsGuard()
    public final app.meshhop.domain.PacketTagCache getTagCache()
    public final void setRadioSession(app.meshhop.transport.RadioSession)
app.meshhop.android.BootReceiver
app.meshhop.android.ComposableSingletons$MainActivityKt:
    public final kotlin.jvm.functions.Function2 getLambda$-1366289369$app_release()
    public final kotlin.jvm.functions.Function4 getLambda$-381702464$app_release()
    public final kotlin.jvm.functions.Function2 getLambda$-385576083$app_release()
    public final kotlin.jvm.functions.Function2 getLambda$-652717134$app_release()
    public final kotlin.jvm.functions.Function2 getLambda$1102728784$app_release()
    public final kotlin.jvm.functions.Function2 getLambda$1224761258$app_release()
    public final kotlin.jvm.functions.Function4 getLambda$1314320895$app_release()
    public final kotlin.jvm.functions.Function2 getLambda$21349651$app_release()
    public final kotlin.jvm.functions.Function2 getLambda$428661999$app_release()
app.meshhop.android.Destination$Chats
app.meshhop.android.Destination$Contacts
app.meshhop.android.Destination$Conversation
app.meshhop.android.Destination$Map
app.meshhop.android.Destination$Onboarding
app.meshhop.android.Destination
app.meshhop.android.MainActivityKt:
    public static final void MeshHopApp(boolean,androidx.compose.runtime.Composer,int,int)
    private static final androidx.navigation.NavBackStackEntry MeshHopApp$lambda$0(androidx.compose.runtime.State)
    private static final kotlin.Unit MeshHopApp$lambda$1(java.lang.String,androidx.navigation.NavHostController,androidx.compose.runtime.Composer,int)
    private static final kotlin.Unit MeshHopApp$lambda$1$0$0(androidx.compose.ui.semantics.SemanticsPropertyReceiver)
    private static final kotlin.Unit MeshHopApp$lambda$1$1(java.lang.String,androidx.navigation.NavHostController,androidx.compose.foundation.layout.RowScope,androidx.compose.runtime.Composer,int)
    private static final kotlin.Unit MeshHopApp$lambda$1$1$0$0(androidx.navigation.NavHostController)
    private static final kotlin.Unit MeshHopApp$lambda$1$1$0$0$0(androidx.navigation.NavOptionsBuilder)
    private static final kotlin.Unit MeshHopApp$lambda$1$1$1$0(androidx.navigation.NavHostController)
    private static final kotlin.Unit MeshHopApp$lambda$1$1$1$0$0(androidx.navigation.NavOptionsBuilder)
    private static final kotlin.Unit MeshHopApp$lambda$1$1$2$0(androidx.navigation.NavHostController)
    private static final kotlin.Unit MeshHopApp$lambda$1$1$2$0$0(androidx.navigation.NavOptionsBuilder)
app.meshhop.android.R$color
app.meshhop.android.R$drawable
app.meshhop.android.R$mipmap
app.meshhop.android.R$string
app.meshhop.android.R$style
app.meshhop.android.R
app.meshhop.android.RadioConnectionService$ClockAnchor
...
kotlin.annotation.MustBeDocumented
kotlin.annotation.Repeatable
kotlin.annotation.Retention
kotlin.annotation.Target
kotlin.collections.AbstractCollection:
    public abstract java.util.Iterator iterator()
kotlin.collections.AbstractIterator
kotlin.collections.AbstractList:
    private static final int maxArraySize
    public abstract int getSize()
kotlin.collections.AbstractMap$Companion:
    public final boolean entryEquals$kotlin_stdlib(java.util.Map$Entry,java.lang.Object)
    public final int entryHashCode$kotlin_stdlib(java.util.Map$Entry)
    public final java.lang.String entryToString$kotlin_stdlib(java.util.Map$Entry)
kotlin.collections.AbstractMap$keys$1$iterator$1
kotlin.collections.AbstractMap$keys$1
kotlin.collections.AbstractMap$values$1$iterator$1
kotlin.collections.AbstractMap$values$1
kotlin.collections.AbstractMap:
    private volatile java.util.Set _keys
    private volatile java.util.Collection _values
    public boolean containsKey(java.lang.Object)
    public java.lang.Object get(java.lang.Object)
    private final java.util.Map$Entry implFindEntry(java.lang.Object)
kotlin.collections.AbstractMutableCollection:
    public abstract boolean add(java.lang.Object)
kotlin.collections.AbstractMutableList:
    public abstract void add(int,java.lang.Object)
    public abstract java.lang.Object set(int,java.lang.Object)
kotlin.collections.AbstractMutableMap:
    public abstract java.lang.Object put(java.lang.Object,java.lang.Object)
kotlin.collections.AbstractMutableSet:
    public abstract boolean add(java.lang.Object)
kotlin.collections.AbstractSet:
    public java.util.Iterator iterator()
kotlin.collections.ArrayAsCollection:
    public final java.lang.Object[] getValues()
    public final boolean isVarargs()
kotlin.collections.ArrayDeque:
    private static final int defaultMinCapacity
    public void <init>(java.util.Collection)
    private final boolean filterInPlace(kotlin.jvm.functions.Function1)
    private final java.lang.Object internalGet(int)
    private final int internalIndex(int)
    public final void internalStructure$kotlin_stdlib(kotlin.jvm.functions.Function2)
    public final java.lang.Object removeLastOrNull()
    public final void testRemoveRange$kotlin_stdlib(int,int)
    public final java.lang.Object[] testToArray$kotlin_stdlib()
    public final java.lang.Object[] testToArray$kotlin_stdlib(java.lang.Object[])
kotlin.collections.ArraysKt:
    private void <init>()
kotlin.collections.ArraysKt__ArraysJVMKt:
    public void <init>()
    public static final int contentDeepHashCode(java.lang.Object[])
    public static final synthetic java.lang.Object[] orEmpty(java.lang.Object[])
    private static final java.lang.String toString(byte[],java.nio.charset.Charset)
    public static final synthetic java.lang.Object[] toTypedArray(java.util.Collection)
kotlin.collections.ArraysKt__ArraysKt:
    public void <init>()
    public static final boolean contentDeepEquals(java.lang.Object[],java.lang.Object[])
    public static final java.lang.String contentDeepToString(java.lang.Object[])
    private static final void contentDeepToStringInternal$ArraysKt__ArraysKt(java.lang.Object[],java.lang.StringBuilder,java.util.List)
    public static final java.util.List flatten(java.lang.Object[][])
    private static final java.lang.Object ifEmpty(java.lang.Object[],kotlin.jvm.functions.Function0)
    private static final boolean isNullOrEmpty(java.lang.Object[])
    public static final kotlin.Pair unzip(kotlin.Pair[])
kotlin.collections.ArraysKt___ArraysJvmKt$asList$1
kotlin.collections.ArraysKt___ArraysJvmKt$asList$2
kotlin.collections.ArraysKt___ArraysJvmKt$asList$3
kotlin.collections.ArraysKt___ArraysJvmKt$asList$4
kotlin.collections.ArraysKt___ArraysJvmKt$asList$5
kotlin.collections.ArraysKt___ArraysJvmKt$asList$6
kotlin.collections.ArraysKt___ArraysJvmKt$asList$7
kotlin.collections.ArraysKt___ArraysJvmKt$asList$8